\BOOKMARK [1][-]{section.1}{Einleitung}{}% 1
\BOOKMARK [2][-]{subsection.1.1}{Motivation}{section.1}% 2
\BOOKMARK [2][-]{subsection.1.2}{Ziel}{section.1}% 3
\BOOKMARK [2][-]{subsection.1.3}{Aufbau}{section.1}% 4
\BOOKMARK [1][-]{section.2}{Anforderungsanalyse}{}% 5
\BOOKMARK [2][-]{subsection.2.1}{Funktionale Andforderungen}{section.2}% 6
\BOOKMARK [2][-]{subsection.2.2}{Nicht Funktionale Andforderungen}{section.2}% 7
\BOOKMARK [1][-]{section.3}{Architektur}{}% 8
\BOOKMARK [2][-]{subsection.3.1}{Libraries und Frameworks}{section.3}% 9
\BOOKMARK [2][-]{subsection.3.2}{Klassenstruktur}{section.3}% 10
\BOOKMARK [1][-]{section.4}{Konzept und Entwurf}{}% 11
\BOOKMARK [2][-]{subsection.4.1}{Mockups}{section.4}% 12
\BOOKMARK [1][-]{section.5}{Implementierung}{}% 13
\BOOKMARK [2][-]{subsection.5.1}{\334bersicht}{section.5}% 14
\BOOKMARK [2][-]{subsection.5.2}{Kartenansicht}{section.5}% 15
\BOOKMARK [2][-]{subsection.5.3}{Event Erstellung}{section.5}% 16
\BOOKMARK [2][-]{subsection.5.4}{Server}{section.5}% 17
\BOOKMARK [1][-]{section.6}{Anforderungsabgleich}{}% 18
\BOOKMARK [2][-]{subsection.6.1}{Funktionale Anforderungen}{section.6}% 19
\BOOKMARK [2][-]{subsection.6.2}{Nicht Funktionale Anforderungen}{section.6}% 20
\BOOKMARK [1][-]{section.7}{Zusammenfassung und Ausblick}{}% 21
